<?xml version="1.0" encoding="UTF-8"?>
<!-- Generated by org.testng.reporters.JUnitXMLReporter -->
<testsuite ignored="0" hostname="LAPTOP-D53S7NRA" failures="0" tests="4" name="Default test" time="79.51" errors="0" timestamp="2023-07-13T17:06:40 CDT">
  <testcase classname="Testcases.homepagetest" name="myaccountlabelverification" time="0.225"/>
  <testcase classname="Testcases.homepagetest" name="registerpagelabelverification" time="0.165"/>
  <testcase classname="Testcases.homepagetest" name="registerpagevalidation" time="2.085"/>
  <testcase classname="Testcases.homepagetest" name="loginrpagevalidation" time="1.634"/>
</testsuite> <!-- Default test -->
