<?xml version="1.0" encoding="UTF-8"?>
<!-- Generated by org.testng.reporters.JUnitXMLReporter -->
<testsuite ignored="0" hostname="LAPTOP-D53S7NRA" failures="0" tests="4" name="Test" time="88.838" errors="0" timestamp="2023-07-13T17:10:19 CDT">
  <testcase classname="Testcases.homepagetest" name="myaccountlabelverification" time="0.189"/>
  <testcase classname="Testcases.homepagetest" name="registerpagelabelverification" time="0.215"/>
  <testcase classname="Testcases.homepagetest" name="registerpagevalidation" time="4.515"/>
  <testcase classname="Testcases.homepagetest" name="loginrpagevalidation" time="1.781"/>
</testsuite> <!-- Test -->
